<?xml version="1.0" encoding="UTF-8"?>
<testng-results skipped="0" failed="0" total="4" passed="4">
  <reporter-output>
  </reporter-output>
  <suite name="Default suite" duration-ms="115" started-at="2020-05-06T22:26:41Z" finished-at="2020-05-06T22:26:41Z">
    <groups>
    </groups>
    <test name="Default test" duration-ms="115" started-at="2020-05-06T22:26:41Z" finished-at="2020-05-06T22:26:41Z">
      <class name="com.osa.maintestng.TestDifferentClass">
        <test-method status="PASS" signature="test2()[pri:0, instance:com.osa.maintestng.TestDifferentClass@44a664f2]" name="test2" is-config="true" duration-ms="17" started-at="2020-05-06T18:26:41Z" finished-at="2020-05-06T18:26:41Z">
          <reporter-output>
          </reporter-output>
        </test-method> <!-- test2 -->
        <test-method status="PASS" signature="test4()[pri:0, instance:com.osa.maintestng.TestDifferentClass@44a664f2]" name="test4" is-config="true" duration-ms="0" started-at="2020-05-06T18:26:41Z" finished-at="2020-05-06T18:26:41Z">
          <reporter-output>
          </reporter-output>
        </test-method> <!-- test4 -->
        <test-method status="PASS" signature="test1()[pri:0, instance:com.osa.maintestng.TestDifferentClass@44a664f2]" name="test1" duration-ms="35" started-at="2020-05-06T18:26:41Z" finished-at="2020-05-06T18:26:41Z">
          <reporter-output>
          </reporter-output>
        </test-method> <!-- test1 -->
        <test-method status="PASS" signature="test6()[pri:0, instance:com.osa.maintestng.TestDifferentClass@44a664f2]" name="test6" duration-ms="1" started-at="2020-05-06T18:26:41Z" finished-at="2020-05-06T18:26:41Z">
          <reporter-output>
          </reporter-output>
        </test-method> <!-- test6 -->
        <test-method status="PASS" signature="method1()[pri:0, instance:com.osa.maintestng.TestDifferentClass@44a664f2]" name="method1" duration-ms="6" started-at="2020-05-06T18:26:41Z" finished-at="2020-05-06T18:26:41Z">
          <reporter-output>
          </reporter-output>
        </test-method> <!-- method1 -->
        <test-method status="PASS" signature="method2()[pri:0, instance:com.osa.maintestng.TestDifferentClass@44a664f2]" name="method2" duration-ms="3" started-at="2020-05-06T18:26:41Z" finished-at="2020-05-06T18:26:41Z">
          <reporter-output>
          </reporter-output>
        </test-method> <!-- method2 -->
        <test-method status="PASS" signature="test5()[pri:0, instance:com.osa.maintestng.TestDifferentClass@44a664f2]" name="test5" is-config="true" duration-ms="4" started-at="2020-05-06T18:26:41Z" finished-at="2020-05-06T18:26:41Z">
          <reporter-output>
          </reporter-output>
        </test-method> <!-- test5 -->
        <test-method status="PASS" signature="test3()[pri:0, instance:com.osa.maintestng.TestDifferentClass@44a664f2]" name="test3" is-config="true" duration-ms="0" started-at="2020-05-06T18:26:41Z" finished-at="2020-05-06T18:26:41Z">
          <reporter-output>
          </reporter-output>
        </test-method> <!-- test3 -->
      </class> <!-- com.osa.maintestng.TestDifferentClass -->
    </test> <!-- Default test -->
  </suite> <!-- Default suite -->
</testng-results>
